<?xml version="1.0" encoding="UTF-8"?>
<testsuite xmlns:xsi="http://www.w3.org/2001/XMLSchema-instance" xsi:noNamespaceSchemaLocation="https://maven.apache.org/surefire/maven-surefire-plugin/xsd/surefire-test-report-3.0.xsd" version="3.0" name="BankTest" time="0.039" tests="2" errors="0" skipped="0" failures="0">
  <properties>
[...]
</properties>
  <testcase name="名前が3文字だったらOKになるはず" classname="BankTest" time="0.023"/>
  <testcase name="名前が2文字だったらエラーになるはず" classname="BankTest" time="0.002"/>
</testsuite>